2026-01-03 16:31:35,241 [INFO] FileSystem: 🚀 内存映射(mmap)建立成功
2026-01-03 16:31:35,241 [INFO] FileSystem: 💾 磁盘管理器初始化: os_course_disk.img [1024块]
2026-01-03 16:31:35,246 [INFO] FileSystem: 初始化FAT表...
2026-01-03 16:31:35,250 [INFO] FileSystem: FAT表初始化完成
2026-01-03 16:31:35,250 [INFO] FileSystem: FAT表管理器初始化完成
2026-01-03 16:31:35,250 [INFO] FileSystem: 目录管理器初始化完成
2026-01-03 16:31:35,261 [INFO] FileSystem: 系统块已标记
2026-01-03 16:31:50,958 [INFO] FileSystem: ✅ 磁盘管理器已关闭
2026-01-03 16:37:31,603 [INFO] FileSystem: 🚀 内存映射(mmap)建立成功
2026-01-03 16:37:31,603 [INFO] FileSystem: 💾 磁盘管理器初始化: os_course_disk.img [1024块]
2026-01-03 16:37:31,606 [INFO] FileSystem: 初始化FAT表...
2026-01-03 16:37:31,609 [INFO] FileSystem: FAT表初始化完成
2026-01-03 16:37:31,610 [INFO] FileSystem: FAT表管理器初始化完成
2026-01-03 16:37:31,610 [INFO] FileSystem: 目录管理器初始化完成
2026-01-03 16:37:31,621 [INFO] FileSystem: 系统块已标记
2026-01-03 16:39:08,580 [INFO] FileSystem: ✅ 磁盘管理器已关闭
2026-01-03 16:39:13,338 [INFO] FileSystem: 🚀 内存映射(mmap)建立成功
2026-01-03 16:39:13,338 [INFO] FileSystem: 💾 磁盘管理器初始化: os_course_disk.img [1024块]
2026-01-03 16:39:13,339 [INFO] FileSystem: 初始化FAT表...
2026-01-03 16:39:13,343 [INFO] FileSystem: FAT表初始化完成
2026-01-03 16:39:13,343 [INFO] FileSystem: FAT表管理器初始化完成
2026-01-03 16:39:13,343 [INFO] FileSystem: 目录管理器初始化完成
2026-01-03 16:39:13,355 [INFO] FileSystem: 系统块已标记
2026-01-03 16:39:19,368 [INFO] FileSystem: --- 线程 Thread-2 (_execute_wrapper) 开始处理任务 ---
2026-01-03 16:41:02,613 [INFO] FileSystem: ✅ 磁盘管理器已关闭
2026-01-03 16:41:05,146 [INFO] FileSystem: 🚀 内存映射(mmap)建立成功
2026-01-03 16:41:05,147 [INFO] FileSystem: 💾 磁盘管理器初始化: os_course_disk.img [1024块]
2026-01-03 16:41:05,149 [INFO] FileSystem: 初始化FAT表...
2026-01-03 16:41:05,153 [INFO] FileSystem: FAT表初始化完成
2026-01-03 16:41:05,153 [INFO] FileSystem: FAT表管理器初始化完成
2026-01-03 16:41:05,153 [INFO] FileSystem: 目录管理器初始化完成
2026-01-03 16:41:05,164 [INFO] FileSystem: 系统块已标记
2026-01-03 16:41:20,010 [INFO] FileSystem: --- 线程 Thread-2 (_execute_wrapper) 开始处理任务 ---
2026-01-03 16:41:27,279 [INFO] FileSystem: ✅ 磁盘管理器已关闭
